<?xml version="1.0" encoding="utf-8"?><testsuites name="pytest tests"><testsuite name="pytest" errors="0" failures="0" skipped="0" tests="16" time="3.447" timestamp="2026-01-21T17:00:51.709967+00:00" hostname="agent-env-ce7cd10a-30c0-4522-aee2-a4d02d5feda9"><testcase classname="tests.test_backend_api.TestAdminLogin" name="test_admin_login_success" time="0.408" /><testcase classname="tests.test_backend_api.TestAdminLogin" name="test_admin_login_invalid_password" time="0.334" /><testcase classname="tests.test_backend_api.TestTeamsCRUD" name="test_get_all_teams" time="0.058" /><testcase classname="tests.test_backend_api.TestTeamsCRUD" name="test_create_team" time="0.184" /><testcase classname="tests.test_backend_api.TestTeamsCRUD" name="test_create_and_get_team" time="0.133" /><testcase classname="tests.test_backend_api.TestTeamsCRUD" name="test_update_team" time="0.201" /><testcase classname="tests.test_backend_api.TestTeamsCRUD" name="test_delete_team" time="0.136" /><testcase classname="tests.test_backend_api.TestTeamsCRUD" name="test_get_nonexistent_team" time="0.041" /><testcase classname="tests.test_backend_api.TestPlayersCRUD" name="test_get_all_players" time="0.081" /><testcase classname="tests.test_backend_api.TestPlayersCRUD" name="test_create_player" time="0.187" /><testcase classname="tests.test_backend_api.TestPlayersCRUD" name="test_create_and_get_player" time="0.190" /><testcase classname="tests.test_backend_api.TestPlayersCRUD" name="test_get_players_by_team" time="0.229" /><testcase classname="tests.test_backend_api.TestPlayersCRUD" name="test_update_player" time="0.252" /><testcase classname="tests.test_backend_api.TestPlayersCRUD" name="test_delete_player" time="0.227" /><testcase classname="tests.test_backend_api.TestPlayersCRUD" name="test_get_nonexistent_player" time="0.048" /><testcase classname="tests.test_backend_api.TestPlayerLimits" name="test_team_can_have_8_players" time="0.580" /></testsuite></testsuites>